<?xml version="1.0" encoding="UTF-8"?>
<!-- Generated by org.testng.reporters.JUnitReportReporter -->
<testsuite hostname="EC2AMAZ-S11DBRH" failures="0" tests="1" name="testScripts.CDPTest" time="3.513" errors="0" timestamp="2023-12-13T07:07:54 GMT" skipped="0">
  <testcase classname="testScripts.CDPTest" name="captureNetworkTrafficTest" time="3.513"/>
  <system-out/>
</testsuite> <!-- testScripts.CDPTest -->
