<?xml version="1.0" encoding="UTF-8"?>
<!-- Generated by org.testng.reporters.JUnitReportReporter -->
<testsuite hostname="EC2AMAZ-S11DBRH" failures="0" tests="4" name="parallelScripts.SampleOneTest" time="0.022" errors="0" timestamp="2023-12-08T07:51:06 GMT" skipped="0">
  <testcase classname="parallelScripts.SampleOneTest" name="testTwo" time="0.003"/>
  <system-out/>
  <testcase classname="parallelScripts.SampleOneTest" name="testFour" time="0.010"/>
  <system-out/>
  <testcase classname="parallelScripts.SampleOneTest" name="testOne" time="0.004"/>
  <system-out/>
  <testcase classname="parallelScripts.SampleOneTest" name="testThree" time="0.005"/>
  <system-out/>
</testsuite> <!-- parallelScripts.SampleOneTest -->
