<?xml version="1.0" encoding="UTF-8"?>
<!-- Generated by org.testng.reporters.JUnitReportReporter -->
<testsuite hostname="EC2AMAZ-S11DBRH" failures="0" tests="1" name="testScripts.SampleOneTest" time="7.474" errors="0" timestamp="2023-12-08T06:26:26 GMT" skipped="0">
  <testcase classname="testScripts.SampleOneTest" name="javaseachTest" time="7.474"/>
  <system-out/>
</testsuite> <!-- testScripts.SampleOneTest -->
