<?xml version="1.0" encoding="UTF-8"?>
<!-- Generated by org.testng.reporters.JUnitReportReporter -->
<testsuite hostname="EC2AMAZ-S11DBRH" failures="0" tests="3" name="testScripts.SampleThreeTest" time="0.014" errors="0" timestamp="2023-12-08T07:14:10 GMT" skipped="0">
  <testcase classname="testScripts.SampleThreeTest" name="testThree" time="0.001"/>
  <system-out/>
  <testcase classname="testScripts.SampleThreeTest" name="testFour" time="0.010"/>
  <system-out/>
  <testcase classname="testScripts.SampleThreeTest" name="testTwo" time="0.003"/>
  <system-out/>
</testsuite> <!-- testScripts.SampleThreeTest -->
